<?xml version="1.0" encoding="UTF-8"?>
<testng-results ignored="0" total="1" passed="1" failed="0" skipped="0">
  <reporter-output>
  </reporter-output>
  <suite started-at="2023-09-05T18:26:02 IST" name="Default suite" finished-at="2023-09-05T18:26:30 IST" duration-ms="27952">
    <groups>
    </groups>
    <test started-at="2023-09-05T18:26:02 IST" name="Default test" finished-at="2023-09-05T18:26:30 IST" duration-ms="27952">
      <class name="testCase.TC01">
        <test-method is-config="true" signature="BeforeMethod()[pri:0, instance:testCase.TC01@1cf6d1be]" started-at="2023-09-05T18:26:02 IST" name="BeforeMethod" finished-at="2023-09-05T18:26:20 IST" duration-ms="17746" status="PASS">
          <reporter-output>
          </reporter-output>
        </test-method> <!-- BeforeMethod -->
        <test-method signature="verifySearchBar()[pri:0, instance:testCase.TC01@1cf6d1be]" started-at="2023-09-05T18:26:20 IST" name="verifySearchBar" finished-at="2023-09-05T18:26:29 IST" duration-ms="9662" status="PASS">
          <reporter-output>
          </reporter-output>
        </test-method> <!-- verifySearchBar -->
        <test-method is-config="true" signature="afterMethod()[pri:0, instance:testCase.TC01@1cf6d1be]" started-at="2023-09-05T18:26:29 IST" name="afterMethod" finished-at="2023-09-05T18:26:30 IST" duration-ms="411" status="PASS">
          <reporter-output>
          </reporter-output>
        </test-method> <!-- afterMethod -->
      </class> <!-- testCase.TC01 -->
    </test> <!-- Default test -->
  </suite> <!-- Default suite -->
</testng-results>
